npm WARN deprecated path-is-absolute@2.0.0: This package is no longer relevant as Node.js 0.12 is unmaintained.
npm WARN EBADENGINE Unsupported engine {
npm WARN EBADENGINE   package: '@angular-devkit/architect@0.1200.5',
npm WARN EBADENGINE   required: {
npm WARN EBADENGINE     node: '^12.14.1 || >=14.0.0',
npm WARN EBADENGINE     npm: '^6.11.0 || ^7.5.6',
npm WARN EBADENGINE     yarn: '>= 1.13.0'
npm WARN EBADENGINE   },
npm WARN EBADENGINE   current: { node: 'v18.11.0', npm: '8.19.2' }
npm WARN EBADENGINE }
npm WARN EBADENGINE Unsupported engine {
npm WARN EBADENGINE   package: '@angular-devkit/build-angular@12.0.5',
npm WARN EBADENGINE   required: {
npm WARN EBADENGINE     node: '^12.14.1 || >=14.0.0',
npm WARN EBADENGINE     npm: '^6.11.0 || ^7.5.6',
npm WARN EBADENGINE     yarn: '>= 1.13.0'
npm WARN EBADENGINE   },
npm WARN EBADENGINE   current: { node: 'v18.11.0', npm: '8.19.2' }
npm WARN EBADENGINE }
npm WARN EBADENGINE Unsupported engine {
npm WARN EBADENGINE   package: '@angular-devkit/build-optimizer@0.1200.5',
npm WARN EBADENGINE   required: {
npm WARN EBADENGINE     node: '^12.14.1 || >=14.0.0',
npm WARN EBADENGINE     npm: '^6.11.0 || ^7.5.6',
npm WARN EBADENGINE     yarn: '>= 1.13.0'
npm WARN EBADENGINE   },
npm WARN EBADENGINE   current: { node: 'v18.11.0', npm: '8.19.2' }
npm WARN EBADENGINE }
npm WARN EBADENGINE Unsupported engine {
npm WARN EBADENGINE   package: '@angular-devkit/build-webpack@0.1200.5',
npm WARN EBADENGINE   required: {
npm WARN EBADENGINE     node: '^12.14.1 || >=14.0.0',
npm WARN EBADENGINE     npm: '^6.11.0 || ^7.5.6',
npm WARN EBADENGINE     yarn: '>= 1.13.0'
npm WARN EBADENGINE   },
npm WARN EBADENGINE   current: { node: 'v18.11.0', npm: '8.19.2' }
npm WARN EBADENGINE }
npm WARN EBADENGINE Unsupported engine {
npm WARN EBADENGINE   package: '@angular-devkit/core@12.0.5',
npm WARN EBADENGINE   required: {
npm WARN EBADENGINE     node: '^12.14.1 || >=14.0.0',
npm WARN EBADENGINE     npm: '^6.11.0 || ^7.5.6',
npm WARN EBADENGINE     yarn: '>= 1.13.0'
npm WARN EBADENGINE   },
npm WARN EBADENGINE   current: { node: 'v18.11.0', npm: '8.19.2' }
npm WARN EBADENGINE }
npm WARN EBADENGINE Unsupported engine {
npm WARN EBADENGINE   package: '@angular-devkit/schematics@12.0.5',
npm WARN EBADENGINE   required: {
npm WARN EBADENGINE     node: '^12.14.1 || >=14.0.0',
npm WARN EBADENGINE     npm: '^6.11.0 || ^7.5.6',
npm WARN EBADENGINE     yarn: '>= 1.13.0'
npm WARN EBADENGINE   },
npm WARN EBADENGINE   current: { node: 'v18.11.0', npm: '8.19.2' }
npm WARN EBADENGINE }
npm WARN EBADENGINE Unsupported engine {
npm WARN EBADENGINE   package: '@angular/cli@12.0.5',
npm WARN EBADENGINE   required: {
npm WARN EBADENGINE     node: '^12.14.1 || >=14.0.0',
npm WARN EBADENGINE     npm: '^6.11.0 || ^7.5.6',
npm WARN EBADENGINE     yarn: '>= 1.13.0'
npm WARN EBADENGINE   },
npm WARN EBADENGINE   current: { node: 'v18.11.0', npm: '8.19.2' }
npm WARN EBADENGINE }
npm WARN EBADENGINE Unsupported engine {
npm WARN EBADENGINE   package: '@ngtools/webpack@12.0.5',
npm WARN EBADENGINE   required: {
npm WARN EBADENGINE     node: '^12.14.1 || >=14.0.0',
npm WARN EBADENGINE     npm: '^6.11.0 || ^7.5.6',
npm WARN EBADENGINE     yarn: '>= 1.13.0'
npm WARN EBADENGINE   },
npm WARN EBADENGINE   current: { node: 'v18.11.0', npm: '8.19.2' }
npm WARN EBADENGINE }
npm WARN EBADENGINE Unsupported engine {
npm WARN EBADENGINE   package: '@schematics/angular@12.0.5',
npm WARN EBADENGINE   required: {
npm WARN EBADENGINE     node: '^12.14.1 || >=14.0.0',
npm WARN EBADENGINE     npm: '^6.11.0 || ^7.5.6',
npm WARN EBADENGINE     yarn: '>= 1.13.0'
npm WARN EBADENGINE   },
npm WARN EBADENGINE   current: { node: 'v18.11.0', npm: '8.19.2' }
npm WARN EBADENGINE }
npm ERR! code ERESOLVE
npm ERR! ERESOLVE unable to resolve dependency tree
npm ERR! 
npm ERR! While resolving: techniti-okr-app@0.0.0
npm ERR! Found: @angular/compiler@12.0.5
npm ERR! node_modules/@angular/compiler
npm ERR!   @angular/compiler@"~12.0.4" from the root project
npm ERR! 
npm ERR! Could not resolve dependency:
npm ERR! peer @angular/compiler@"12.2.16" from @angular/localize@12.2.16
npm ERR! node_modules/@angular/localize
npm ERR!   @angular/localize@"^12.0.4" from the root project
npm ERR! 
npm ERR! Fix the upstream dependency conflict, or retry
npm ERR! this command with --force, or --legacy-peer-deps
npm ERR! to accept an incorrect (and potentially broken) dependency resolution.
npm ERR! 
npm ERR! See /Users/sanjeevpai/.npm/eresolve-report.txt for a full report.

npm ERR! A complete log of this run can be found in:
npm ERR!     /Users/sanjeevpai/.npm/_logs/2022-11-03T11_29_41_473Z-debug-0.log
